<?xml version="1.0" encoding="UTF-8"?>
<coverage generated="1530312387522" clover="3.2.0">
  <project timestamp="1530312387523" name="All files">
    <metrics statements="36" coveredstatements="35" conditionals="13" coveredconditionals="10" methods="25" coveredmethods="25" elements="74" coveredelements="70" complexity="0" loc="36" ncloc="36" packages="4" files="9" classes="9">
      <package name="__tests__">
        <metrics statements="1" coveredstatements="1" conditionals="0" coveredconditionals="0" methods="0" coveredmethods="0"/>
        <file name="setup.js" path="/Users/Dev/Documents/ReactNative/M5-Testes/appAula/testesAutomatizados/__tests__/setup.js">
          <metrics statements="1" coveredstatements="1" conditionals="0" coveredconditionals="0" methods="0" coveredmethods="0"/>
          <line num="4" count="5" type="stmt"/>
        </file>
      </package>
      <package name="src">
        <metrics statements="18" coveredstatements="18" conditionals="4" coveredconditionals="3" methods="14" coveredmethods="14"/>
        <file name="List.js" path="/Users/Dev/Documents/ReactNative/M5-Testes/appAula/testesAutomatizados/src/List.js">
          <metrics statements="9" coveredstatements="9" conditionals="4" coveredconditionals="3" methods="8" coveredmethods="8"/>
          <line num="12" count="6" type="cond" truecount="1" falsecount="1"/>
          <line num="13" count="1" type="stmt"/>
          <line num="17" count="1" type="stmt"/>
          <line num="26" count="1" type="stmt"/>
          <line num="30" count="1" type="stmt"/>
          <line num="31" count="3" type="stmt"/>
          <line num="36" count="7" type="stmt"/>
          <line num="38" count="18" type="stmt"/>
          <line num="44" count="13" type="stmt"/>
        </file>
        <file name="Post.js" path="/Users/Dev/Documents/ReactNative/M5-Testes/appAula/testesAutomatizados/src/Post.js">
          <metrics statements="3" coveredstatements="3" conditionals="0" coveredconditionals="0" methods="2" coveredmethods="2"/>
          <line num="5" count="2" type="stmt"/>
          <line num="6" count="1" type="stmt"/>
          <line num="10" count="1" type="stmt"/>
        </file>
        <file name="TodoList.js" path="/Users/Dev/Documents/ReactNative/M5-Testes/appAula/testesAutomatizados/src/TodoList.js">
          <metrics statements="6" coveredstatements="6" conditionals="0" coveredconditionals="0" methods="4" coveredmethods="4"/>
          <line num="10" count="1" type="stmt"/>
          <line num="11" count="2" type="stmt"/>
          <line num="13" count="4" type="stmt"/>
          <line num="19" count="2" type="stmt"/>
          <line num="23" count="1" type="stmt"/>
          <line num="24" count="2" type="stmt"/>
        </file>
      </package>
      <package name="src.services">
        <metrics statements="0" coveredstatements="0" conditionals="0" coveredconditionals="0" methods="0" coveredmethods="0"/>
        <file name="api.js" path="/Users/Dev/Documents/ReactNative/M5-Testes/appAula/testesAutomatizados/src/services/api.js">
          <metrics statements="0" coveredstatements="0" conditionals="0" coveredconditionals="0" methods="0" coveredmethods="0"/>
        </file>
      </package>
      <package name="src.store">
        <metrics statements="17" coveredstatements="16" conditionals="9" coveredconditionals="7" methods="11" coveredmethods="11"/>
        <file name="actions.js" path="/Users/Dev/Documents/ReactNative/M5-Testes/appAula/testesAutomatizados/src/store/actions.js">
          <metrics statements="3" coveredstatements="3" conditionals="0" coveredconditionals="0" methods="3" coveredmethods="3"/>
          <line num="2" count="3" type="stmt"/>
          <line num="11" count="1" type="stmt"/>
          <line num="20" count="2" type="stmt"/>
        </file>
        <file name="reducers.js" path="/Users/Dev/Documents/ReactNative/M5-Testes/appAula/testesAutomatizados/src/store/reducers.js">
          <metrics statements="6" coveredstatements="5" conditionals="7" coveredconditionals="5" methods="3" coveredmethods="3"/>
          <line num="2" count="4" type="cond" truecount="3" falsecount="1"/>
          <line num="4" count="1" type="stmt"/>
          <line num="6" count="2" type="stmt"/>
          <line num="8" count="2" type="stmt"/>
          <line num="9" count="4" type="cond" truecount="2" falsecount="0"/>
          <line num="14" count="0" type="stmt"/>
        </file>
        <file name="sagas.js" path="/Users/Dev/Documents/ReactNative/M5-Testes/appAula/testesAutomatizados/src/store/sagas.js">
          <metrics statements="5" coveredstatements="5" conditionals="2" coveredconditionals="2" methods="2" coveredmethods="2"/>
          <line num="7" count="2" type="stmt"/>
          <line num="9" count="2" type="cond" truecount="2" falsecount="0"/>
          <line num="10" count="1" type="stmt"/>
          <line num="12" count="1" type="stmt"/>
          <line num="17" count="2" type="stmt"/>
        </file>
        <file name="userActions.js" path="/Users/Dev/Documents/ReactNative/M5-Testes/appAula/testesAutomatizados/src/store/userActions.js">
          <metrics statements="3" coveredstatements="3" conditionals="0" coveredconditionals="0" methods="3" coveredmethods="3"/>
          <line num="2" count="2" type="stmt"/>
          <line num="11" count="3" type="stmt"/>
          <line num="20" count="3" type="stmt"/>
        </file>
      </package>
    </metrics>
  </project>
</coverage>
