{"/Users/Dev/Documents/ReactNative/M5-Testes/appAula/testesAutomatizados/__tests__/setup.js": {"path":"/Users/Dev/Documents/ReactNative/M5-Testes/appAula/testesAutomatizados/__tests__/setup.js","statementMap":{"0":{"start":{"line":4,"column":0},"end":{"line":4,"column":45}}},"fnMap":{},"branchMap":{},"s":{"0":5},"f":{},"b":{},"_coverageSchema":"332fd63041d2c1bcb487cc26dd0d5f7d97098a6c","hash":"6c5f1898f6e258da05ba3d8c75680a8de8136950"}
,"/Users/Dev/Documents/ReactNative/M5-Testes/appAula/testesAutomatizados/src/List.js": {"path":"/Users/Dev/Documents/ReactNative/M5-Testes/appAula/testesAutomatizados/src/List.js","statementMap":{"0":{"start":{"line":12,"column":22},"end":{"line":12,"column":70}},"1":{"start":{"line":13,"column":8},"end":{"line":13,"column":33}},"2":{"start":{"line":17,"column":8},"end":{"line":22,"column":11}},"3":{"start":{"line":26,"column":8},"end":{"line":26,"column":79}},"4":{"start":{"line":30,"column":8},"end":{"line":32,"column":10}},"5":{"start":{"line":31,"column":51},"end":{"line":31,"column":65}},"6":{"start":{"line":36,"column":8},"end":{"line":40,"column":21}},"7":{"start":{"line":38,"column":45},"end":{"line":38,"column":106}},"8":{"start":{"line":44,"column":8},"end":{"line":53,"column":10}}},"fnMap":{"0":{"name":"(anonymous_0)","decl":{"start":{"line":11,"column":4},"end":{"line":11,"column":5}},"loc":{"start":{"line":11,"column":30},"end":{"line":14,"column":5}},"line":11},"1":{"name":"(anonymous_1)","decl":{"start":{"line":16,"column":17},"end":{"line":16,"column":18}},"loc":{"start":{"line":16,"column":23},"end":{"line":23,"column":5}},"line":16},"2":{"name":"(anonymous_2)","decl":{"start":{"line":25,"column":16},"end":{"line":25,"column":17}},"loc":{"start":{"line":25,"column":28},"end":{"line":27,"column":5}},"line":25},"3":{"name":"(anonymous_3)","decl":{"start":{"line":29,"column":17},"end":{"line":29,"column":18}},"loc":{"start":{"line":29,"column":25},"end":{"line":33,"column":5}},"line":29},"4":{"name":"(anonymous_4)","decl":{"start":{"line":31,"column":43},"end":{"line":31,"column":44}},"loc":{"start":{"line":31,"column":51},"end":{"line":31,"column":65}},"line":31},"5":{"name":"(anonymous_5)","decl":{"start":{"line":35,"column":18},"end":{"line":35,"column":19}},"loc":{"start":{"line":36,"column":8},"end":{"line":40,"column":21}},"line":36},"6":{"name":"(anonymous_6)","decl":{"start":{"line":38,"column":37},"end":{"line":38,"column":38}},"loc":{"start":{"line":38,"column":45},"end":{"line":38,"column":106}},"line":38},"7":{"name":"(anonymous_7)","decl":{"start":{"line":43,"column":4},"end":{"line":43,"column":5}},"loc":{"start":{"line":43,"column":13},"end":{"line":54,"column":5}},"line":43}},"branchMap":{"0":{"loc":{"start":{"line":12,"column":22},"end":{"line":12,"column":70}},"type":"binary-expr","locations":[{"start":{"line":12,"column":22},"end":{"line":12,"column":64}},{"start":{"line":12,"column":68},"end":{"line":12,"column":70}}],"line":12},"1":{"loc":{"start":{"line":46,"column":17},"end":{"line":48,"column":46}},"type":"cond-expr","locations":[{"start":{"line":47,"column":22},"end":{"line":47,"column":40}},{"start":{"line":48,"column":22},"end":{"line":48,"column":46}}],"line":46}},"s":{"0":6,"1":1,"2":1,"3":1,"4":1,"5":3,"6":7,"7":18,"8":13},"f":{"0":6,"1":1,"2":1,"3":1,"4":3,"5":7,"6":18,"7":13},"b":{"0":[6,0],"1":[7,6]},"_coverageSchema":"332fd63041d2c1bcb487cc26dd0d5f7d97098a6c","hash":"dd5fbd20c60495b941b8fd711d52ec802de3ee09"}
,"/Users/Dev/Documents/ReactNative/M5-Testes/appAula/testesAutomatizados/src/Post.js": {"path":"/Users/Dev/Documents/ReactNative/M5-Testes/appAula/testesAutomatizados/src/Post.js","statementMap":{"0":{"start":{"line":5,"column":13},"end":{"line":12,"column":5}},"1":{"start":{"line":6,"column":4},"end":{"line":11,"column":11}},"2":{"start":{"line":10,"column":51},"end":{"line":10,"column":68}}},"fnMap":{"0":{"name":"(anonymous_0)","decl":{"start":{"line":5,"column":13},"end":{"line":5,"column":14}},"loc":{"start":{"line":6,"column":4},"end":{"line":11,"column":11}},"line":6},"1":{"name":"(anonymous_1)","decl":{"start":{"line":10,"column":45},"end":{"line":10,"column":46}},"loc":{"start":{"line":10,"column":51},"end":{"line":10,"column":68}},"line":10}},"branchMap":{},"s":{"0":2,"1":1,"2":1},"f":{"0":1,"1":1},"b":{},"_coverageSchema":"332fd63041d2c1bcb487cc26dd0d5f7d97098a6c","hash":"b28f2d908bdecd5f348bed13155331e43bab40aa"}
,"/Users/Dev/Documents/ReactNative/M5-Testes/appAula/testesAutomatizados/src/TodoList.js": {"path":"/Users/Dev/Documents/ReactNative/M5-Testes/appAula/testesAutomatizados/src/TodoList.js","statementMap":{"0":{"start":{"line":10,"column":17},"end":{"line":17,"column":1}},"1":{"start":{"line":11,"column":4},"end":{"line":16,"column":11}},"2":{"start":{"line":13,"column":30},"end":{"line":13,"column":68}},"3":{"start":{"line":19,"column":24},"end":{"line":21,"column":2}},"4":{"start":{"line":19,"column":34},"end":{"line":21,"column":1}},"5":{"start":{"line":23,"column":27},"end":{"line":24,"column":41}},"6":{"start":{"line":24,"column":4},"end":{"line":24,"column":41}}},"fnMap":{"0":{"name":"(anonymous_0)","decl":{"start":{"line":10,"column":17},"end":{"line":10,"column":18}},"loc":{"start":{"line":11,"column":4},"end":{"line":16,"column":11}},"line":11},"1":{"name":"(anonymous_1)","decl":{"start":{"line":13,"column":22},"end":{"line":13,"column":23}},"loc":{"start":{"line":13,"column":30},"end":{"line":13,"column":68}},"line":13},"2":{"name":"(anonymous_2)","decl":{"start":{"line":19,"column":24},"end":{"line":19,"column":25}},"loc":{"start":{"line":19,"column":34},"end":{"line":21,"column":1}},"line":19},"3":{"name":"(anonymous_3)","decl":{"start":{"line":23,"column":27},"end":{"line":23,"column":28}},"loc":{"start":{"line":24,"column":4},"end":{"line":24,"column":41}},"line":24}},"branchMap":{},"s":{"0":1,"1":2,"2":4,"3":1,"4":2,"5":1,"6":2},"f":{"0":2,"1":4,"2":2,"3":2},"b":{},"_coverageSchema":"332fd63041d2c1bcb487cc26dd0d5f7d97098a6c","hash":"19078885582e0e93ca205d13af7da6eef8a2d79f"}
,"/Users/Dev/Documents/ReactNative/M5-Testes/appAula/testesAutomatizados/src/services/api.js": {"path":"/Users/Dev/Documents/ReactNative/M5-Testes/appAula/testesAutomatizados/src/services/api.js","statementMap":{},"fnMap":{},"branchMap":{},"s":{},"f":{},"b":{},"_coverageSchema":"332fd63041d2c1bcb487cc26dd0d5f7d97098a6c","hash":"4e8ca0c712fba5045eb1abb161258600c0152271"}
,"/Users/Dev/Documents/ReactNative/M5-Testes/appAula/testesAutomatizados/src/store/actions.js": {"path":"/Users/Dev/Documents/ReactNative/M5-Testes/appAula/testesAutomatizados/src/store/actions.js","statementMap":{"0":{"start":{"line":2,"column":4},"end":{"line":7,"column":5}},"1":{"start":{"line":11,"column":4},"end":{"line":16,"column":5}},"2":{"start":{"line":20,"column":4},"end":{"line":25,"column":5}}},"fnMap":{"0":{"name":"addTodo","decl":{"start":{"line":1,"column":16},"end":{"line":1,"column":23}},"loc":{"start":{"line":1,"column":30},"end":{"line":8,"column":1}},"line":1},"1":{"name":"removeTodo","decl":{"start":{"line":10,"column":16},"end":{"line":10,"column":26}},"loc":{"start":{"line":10,"column":31},"end":{"line":17,"column":1}},"line":10},"2":{"name":"completeTodo","decl":{"start":{"line":19,"column":16},"end":{"line":19,"column":28}},"loc":{"start":{"line":19,"column":33},"end":{"line":26,"column":1}},"line":19}},"branchMap":{},"s":{"0":3,"1":1,"2":2},"f":{"0":3,"1":1,"2":2},"b":{},"_coverageSchema":"332fd63041d2c1bcb487cc26dd0d5f7d97098a6c","hash":"7222e06b23a3517e00ce0b1c5cb007a93650c504"}
,"/Users/Dev/Documents/ReactNative/M5-Testes/appAula/testesAutomatizados/src/store/reducers.js": {"path":"/Users/Dev/Documents/ReactNative/M5-Testes/appAula/testesAutomatizados/src/store/reducers.js","statementMap":{"0":{"start":{"line":2,"column":4},"end":{"line":15,"column":5}},"1":{"start":{"line":4,"column":12},"end":{"line":4,"column":79}},"2":{"start":{"line":6,"column":12},"end":{"line":6,"column":71}},"3":{"start":{"line":6,"column":40},"end":{"line":6,"column":69}},"4":{"start":{"line":8,"column":12},"end":{"line":12,"column":13}},"5":{"start":{"line":9,"column":16},"end":{"line":11,"column":26}},"6":{"start":{"line":14,"column":12},"end":{"line":14,"column":25}}},"fnMap":{"0":{"name":"todos","decl":{"start":{"line":1,"column":24},"end":{"line":1,"column":29}},"loc":{"start":{"line":1,"column":50},"end":{"line":16,"column":1}},"line":1},"1":{"name":"(anonymous_1)","decl":{"start":{"line":6,"column":32},"end":{"line":6,"column":33}},"loc":{"start":{"line":6,"column":40},"end":{"line":6,"column":69}},"line":6},"2":{"name":"(anonymous_2)","decl":{"start":{"line":8,"column":29},"end":{"line":8,"column":30}},"loc":{"start":{"line":9,"column":16},"end":{"line":11,"column":26}},"line":9}},"branchMap":{"0":{"loc":{"start":{"line":1,"column":30},"end":{"line":1,"column":40}},"type":"default-arg","locations":[{"start":{"line":1,"column":38},"end":{"line":1,"column":40}}],"line":1},"1":{"loc":{"start":{"line":2,"column":4},"end":{"line":15,"column":5}},"type":"switch","locations":[{"start":{"line":3,"column":8},"end":{"line":4,"column":79}},{"start":{"line":5,"column":8},"end":{"line":6,"column":71}},{"start":{"line":7,"column":8},"end":{"line":12,"column":13}},{"start":{"line":13,"column":8},"end":{"line":14,"column":25}}],"line":2},"2":{"loc":{"start":{"line":9,"column":16},"end":{"line":11,"column":26}},"type":"cond-expr","locations":[{"start":{"line":10,"column":22},"end":{"line":10,"column":61}},{"start":{"line":11,"column":22},"end":{"line":11,"column":26}}],"line":9}},"s":{"0":4,"1":1,"2":1,"3":2,"4":2,"5":4,"6":0},"f":{"0":4,"1":2,"2":4},"b":{"0":[0],"1":[1,1,2,0],"2":[2,2]},"_coverageSchema":"332fd63041d2c1bcb487cc26dd0d5f7d97098a6c","hash":"12f35b2dcb570305702f13a3163f324e54bc371d"}
,"/Users/Dev/Documents/ReactNative/M5-Testes/appAula/testesAutomatizados/src/store/sagas.js": {"path":"/Users/Dev/Documents/ReactNative/M5-Testes/appAula/testesAutomatizados/src/store/sagas.js","statementMap":{"0":{"start":{"line":7,"column":21},"end":{"line":7,"column":77}},"1":{"start":{"line":9,"column":4},"end":{"line":13,"column":5}},"2":{"start":{"line":10,"column":7},"end":{"line":10,"column":55}},"3":{"start":{"line":12,"column":7},"end":{"line":12,"column":43}},"4":{"start":{"line":17,"column":4},"end":{"line":19,"column":5}}},"fnMap":{"0":{"name":"addUserFromGithub","decl":{"start":{"line":6,"column":10},"end":{"line":6,"column":27}},"loc":{"start":{"line":6,"column":36},"end":{"line":14,"column":1}},"line":6},"1":{"name":"root","decl":{"start":{"line":16,"column":25},"end":{"line":16,"column":29}},"loc":{"start":{"line":16,"column":32},"end":{"line":20,"column":1}},"line":16}},"branchMap":{"0":{"loc":{"start":{"line":9,"column":4},"end":{"line":13,"column":5}},"type":"if","locations":[{"start":{"line":9,"column":4},"end":{"line":13,"column":5}},{"start":{"line":9,"column":4},"end":{"line":13,"column":5}}],"line":9}},"s":{"0":2,"1":2,"2":1,"3":1,"4":2},"f":{"0":2,"1":2},"b":{"0":[1,1]},"_coverageSchema":"332fd63041d2c1bcb487cc26dd0d5f7d97098a6c","hash":"b563f442baeed5849d29015d2bdaae22e941281d"}
,"/Users/Dev/Documents/ReactNative/M5-Testes/appAula/testesAutomatizados/src/store/userActions.js": {"path":"/Users/Dev/Documents/ReactNative/M5-Testes/appAula/testesAutomatizados/src/store/userActions.js","statementMap":{"0":{"start":{"line":2,"column":4},"end":{"line":7,"column":5}},"1":{"start":{"line":11,"column":4},"end":{"line":16,"column":5}},"2":{"start":{"line":20,"column":4},"end":{"line":22,"column":5}}},"fnMap":{"0":{"name":"addUserRequest","decl":{"start":{"line":1,"column":16},"end":{"line":1,"column":30}},"loc":{"start":{"line":1,"column":41},"end":{"line":8,"column":1}},"line":1},"1":{"name":"addUserSuccess","decl":{"start":{"line":10,"column":16},"end":{"line":10,"column":30}},"loc":{"start":{"line":10,"column":37},"end":{"line":17,"column":1}},"line":10},"2":{"name":"addUserFailure","decl":{"start":{"line":19,"column":16},"end":{"line":19,"column":30}},"loc":{"start":{"line":19,"column":33},"end":{"line":23,"column":1}},"line":19}},"branchMap":{},"s":{"0":2,"1":3,"2":3},"f":{"0":2,"1":3,"2":3},"b":{},"_coverageSchema":"332fd63041d2c1bcb487cc26dd0d5f7d97098a6c","hash":"94602daecbbbdf2ce6296a1bdc9cd1b1b8bad280"}
}
