TN:
SF:/Users/Dev/Documents/ReactNative/M5-Testes/appAula/testesAutomatizados/__tests__/setup.js
FNF:0
FNH:0
DA:4,5
LF:1
LH:1
BRF:0
BRH:0
end_of_record
TN:
SF:/Users/Dev/Documents/ReactNative/M5-Testes/appAula/testesAutomatizados/src/List.js
FN:11,(anonymous_0)
FN:16,(anonymous_1)
FN:25,(anonymous_2)
FN:29,(anonymous_3)
FN:31,(anonymous_4)
FN:35,(anonymous_5)
FN:38,(anonymous_6)
FN:43,(anonymous_7)
FNF:8
FNH:8
FNDA:6,(anonymous_0)
FNDA:1,(anonymous_1)
FNDA:1,(anonymous_2)
FNDA:1,(anonymous_3)
FNDA:3,(anonymous_4)
FNDA:7,(anonymous_5)
FNDA:18,(anonymous_6)
FNDA:13,(anonymous_7)
DA:12,6
DA:13,1
DA:17,1
DA:26,1
DA:30,1
DA:31,3
DA:36,7
DA:38,18
DA:44,13
LF:9
LH:9
BRDA:12,0,0,6
BRDA:12,0,1,0
BRDA:46,1,0,7
BRDA:46,1,1,6
BRF:4
BRH:3
end_of_record
TN:
SF:/Users/Dev/Documents/ReactNative/M5-Testes/appAula/testesAutomatizados/src/Post.js
FN:5,(anonymous_0)
FN:10,(anonymous_1)
FNF:2
FNH:2
FNDA:1,(anonymous_0)
FNDA:1,(anonymous_1)
DA:5,2
DA:6,1
DA:10,1
LF:3
LH:3
BRF:0
BRH:0
end_of_record
TN:
SF:/Users/Dev/Documents/ReactNative/M5-Testes/appAula/testesAutomatizados/src/TodoList.js
FN:10,(anonymous_0)
FN:13,(anonymous_1)
FN:19,(anonymous_2)
FN:23,(anonymous_3)
FNF:4
FNH:4
FNDA:2,(anonymous_0)
FNDA:4,(anonymous_1)
FNDA:2,(anonymous_2)
FNDA:2,(anonymous_3)
DA:10,1
DA:11,2
DA:13,4
DA:19,2
DA:23,1
DA:24,2
LF:6
LH:6
BRF:0
BRH:0
end_of_record
TN:
SF:/Users/Dev/Documents/ReactNative/M5-Testes/appAula/testesAutomatizados/src/services/api.js
FNF:0
FNH:0
LF:0
LH:0
BRF:0
BRH:0
end_of_record
TN:
SF:/Users/Dev/Documents/ReactNative/M5-Testes/appAula/testesAutomatizados/src/store/actions.js
FN:1,addTodo
FN:10,removeTodo
FN:19,completeTodo
FNF:3
FNH:3
FNDA:3,addTodo
FNDA:1,removeTodo
FNDA:2,completeTodo
DA:2,3
DA:11,1
DA:20,2
LF:3
LH:3
BRF:0
BRH:0
end_of_record
TN:
SF:/Users/Dev/Documents/ReactNative/M5-Testes/appAula/testesAutomatizados/src/store/reducers.js
FN:1,todos
FN:6,(anonymous_1)
FN:8,(anonymous_2)
FNF:3
FNH:3
FNDA:4,todos
FNDA:2,(anonymous_1)
FNDA:4,(anonymous_2)
DA:2,4
DA:4,1
DA:6,2
DA:8,2
DA:9,4
DA:14,0
LF:6
LH:5
BRDA:1,0,0,0
BRDA:2,1,0,1
BRDA:2,1,1,1
BRDA:2,1,2,2
BRDA:2,1,3,0
BRDA:9,2,0,2
BRDA:9,2,1,2
BRF:7
BRH:5
end_of_record
TN:
SF:/Users/Dev/Documents/ReactNative/M5-Testes/appAula/testesAutomatizados/src/store/sagas.js
FN:6,addUserFromGithub
FN:16,root
FNF:2
FNH:2
FNDA:2,addUserFromGithub
FNDA:2,root
DA:7,2
DA:9,2
DA:10,1
DA:12,1
DA:17,2
LF:5
LH:5
BRDA:9,0,0,1
BRDA:9,0,1,1
BRF:2
BRH:2
end_of_record
TN:
SF:/Users/Dev/Documents/ReactNative/M5-Testes/appAula/testesAutomatizados/src/store/userActions.js
FN:1,addUserRequest
FN:10,addUserSuccess
FN:19,addUserFailure
FNF:3
FNH:3
FNDA:2,addUserRequest
FNDA:3,addUserSuccess
FNDA:3,addUserFailure
DA:2,2
DA:11,3
DA:20,3
LF:3
LH:3
BRF:0
BRH:0
end_of_record
